#-----------------------------------------------------------
# Vivado v2020.2 (64-bit)
# SW Build 3064766 on Wed Nov 18 09:12:45 MST 2020
# IP Build 3064653 on Wed Nov 18 14:17:31 MST 2020
# Start of session at: Mon May 29 18:30:11 2023
# Process ID: 12092
# Current directory: C:/Users/lucas/Desktop/ORG TRABSON/MIPS-Multiciclo/MIPS
# Command line: vivado.exe -gui_launcher_event rodinguilauncherevent11980 C:\Users\lucas\Desktop\ORG TRABSON\MIPS-Multiciclo\MIPS\MIPS.xpr
# Log file: C:/Users/lucas/Desktop/ORG TRABSON/MIPS-Multiciclo/MIPS/vivado.log
# Journal file: C:/Users/lucas/Desktop/ORG TRABSON/MIPS-Multiciclo/MIPS\vivado.jou
#-----------------------------------------------------------
start_gui
open_project {C:/Users/lucas/Desktop/ORG TRABSON/MIPS-Multiciclo/MIPS/MIPS.xpr}
WARNING: [filemgmt 56-3] Default IP Output Path : Could not find the directory 'C:/Users/lucas/Desktop/ORG TRABSON/MIPS-Multiciclo/MIPS/MIPS.gen/sources_1'.
Scanning sources...
Finished scanning sources
INFO: [IP_Flow 19-234] Refreshing IP repositories
INFO: [IP_Flow 19-1704] No user IP repositories specified
INFO: [IP_Flow 19-2313] Loaded Vivado IP repository 'D:/Xilinx/Vivado/2020.2/data/ip'.
open_project: Time (s): cpu = 00:00:14 ; elapsed = 00:00:07 . Memory (MB): peak = 1111.309 ; gain = 0.000
update_compile_order -fileset sources_1
close [ open {C:/Users/lucas/Desktop/ORG TRABSON/MIPS-Multiciclo/MIPS/MIPS.srcs/sources_1/new/Topo.sv} w ]
add_files {{C:/Users/lucas/Desktop/ORG TRABSON/MIPS-Multiciclo/MIPS/MIPS.srcs/sources_1/new/Topo.sv}}
update_compile_order -fileset sources_1
update_compile_order -fileset sources_1
update_compile_order -fileset sources_1
file mkdir C:/Users/lucas/Desktop/ORG TRABSON/MIPS-Multiciclo/MIPS/MIPS.srcs/sim_1/new
file mkdir C:/Users/lucas/Desktop/ORG TRABSON/MIPS-Multiciclo/MIPS/MIPS.srcs/sim_1/new
file mkdir C:/Users/lucas/Desktop/ORG TRABSON/MIPS-Multiciclo/MIPS/MIPS.srcs/sim_1/new
file mkdir C:/Users/lucas/Desktop/ORG TRABSON/MIPS-Multiciclo/MIPS/MIPS.srcs/sim_1/new
file mkdir C:/Users/lucas/Desktop/ORG TRABSON/MIPS-Multiciclo/MIPS/MIPS.srcs/sim_1/new
set_property SOURCE_SET sources_1 [get_filesets sim_1]
file mkdir C:/Users/lucas/Desktop/ORG TRABSON/MIPS-Multiciclo/MIPS/MIPS.srcs/sim_1/new
file mkdir {C:/Users/lucas/Desktop/ORG TRABSON/MIPS-Multiciclo/MIPS/MIPS.srcs/sim_1/new}
close [ open {C:/Users/lucas/Desktop/ORG TRABSON/MIPS-Multiciclo/MIPS/MIPS.srcs/sim_1/new/Testbench.sv} w ]
add_files -fileset sim_1 {{C:/Users/lucas/Desktop/ORG TRABSON/MIPS-Multiciclo/MIPS/MIPS.srcs/sim_1/new/Testbench.sv}}
update_compile_order -fileset sim_1
exit
INFO: [Common 17-206] Exiting Vivado at Mon May 29 19:24:03 2023...
